<?xml version="1.0" encoding="UTF-8"?>
<!-- Generated by org.testng.reporters.JUnitReportReporter -->
<testsuite hostname="lenovo" failures="0" tests="2" name="testcases.LoginPageTest" time="8.463" errors="0" timestamp="2024-01-11T17:41:54 IST" skipped="0">
  <testcase classname="testcases.LoginPageTest" name="verifyUrlOfApllicationTest" time="5.888"/>
  <system-out/>
  <testcase classname="testcases.LoginPageTest" name="verifyTitleOfApplicationTest" time="2.575"/>
  <system-out/>
</testsuite> <!-- testcases.LoginPageTest -->
