<?xml version="1.0" encoding="UTF-8"?>
<!-- Generated by org.testng.reporters.JUnitReportReporter -->
<testsuite hostname="lenovo" failures="0" tests="3" name="testCases.LoginPageTest" time="16.336" errors="0" timestamp="2024-01-18T11:42:25 IST" skipped="0">
  <testcase classname="testCases.LoginPageTest" name="verifyLoginApplicationUrlTest" time="6.848"/>
  <system-out/>
  <testcase classname="testCases.LoginPageTest" name="verifyTitlOfPageTest" time="4.516"/>
  <system-out/>
  <testcase classname="testCases.LoginPageTest" name="verifyCurrentURL" time="4.972"/>
  <system-out/>
</testsuite> <!-- testCases.LoginPageTest -->
