<?xml version="1.0" encoding="UTF-8"?>
<!-- Generated by org.testng.reporters.JUnitReportReporter -->
<testsuite hostname="lenovo" failures="0" tests="1" name="testCases.Produt_Label_Test" time="6.632" errors="0" timestamp="2024-01-20T17:43:36 IST" skipped="0">
  <testcase classname="testCases.Produt_Label_Test" name="verifyTwitterLogoTest" time="6.632"/>
  <system-out/>
</testsuite> <!-- testCases.Produt_Label_Test -->
