<?xml version="1.0" encoding="UTF-8"?>
<!-- Generated by org.testng.reporters.JUnitReportReporter -->
<testsuite hostname="lenovo" failures="0" tests="3" name="testcases.A" time="0.022" errors="0" timestamp="2024-01-11T17:38:00 IST" skipped="0">
  <testcase classname="testcases.A" name="loginPage" time="0.002"/>
  <system-out/>
  <testcase classname="testcases.A" name="homePage" time="0.016"/>
  <system-out/>
  <testcase classname="testcases.A" name="registration" time="0.004"/>
  <system-out/>
</testsuite> <!-- testcases.A -->
